=== COUNTS BEFORE ===
users=2 wallets=2 markets=1
=== SIGNUP RESPONSE ===
{
    "message":  "User created successfully",
    "user":  {
                 "id":  3,
                 "username":  "flowuser1776454784",
                 "email":  "flowuser1776454784@example.com",
                 "created_at":  "2026-04-17T19:39:49.291Z"
             }
}
=== LATEST USER ROW ===
3|flowuser1776454784|flowuser1776454784@example.com
=== LATEST WALLET ROW ===
3|1000|0
=== CREATE MARKET RESPONSE ===
{
    "message":  "Market created successfully",
    "market":  {
                   "id":  2,
                   "title":  "Flow Market 1776454784",
                   "category":  "crypto",
                   "close_time":  "2026-12-31T18:00:00.000Z",
                   "status":  "open",
                   "created_at":  "2026-04-17T19:39:50.194Z"
               }
}
=== FETCH MARKETS RESPONSE ===
{
    "markets":  [
                    {
                        "id":  2,
                        "title":  "Flow Market 1776454784",
                        "category":  "crypto",
                        "close_time":  "2026-12-31T18:00:00.000Z",
                        "status":  "open",
                        "created_at":  "2026-04-17T19:39:50.194Z"
                    },
                    {
                        "id":  1,
                        "title":  "BTC Above 100k",
                        "category":  "crypto",
                        "close_time":  "2026-12-31T18:00:00.000Z",
                        "status":  "open",
                        "created_at":  "2026-04-17T19:36:22.451Z"
                    }
                ]
}
=== COUNTS AFTER ===
users=3 wallets=3 markets=2
